Flow report for msx_opl4
Sat Nov 16 20:51:03 2024
Quartus II Version 11.0 Build 208 07/03/2011 Service Pack 1 SJ Web Edition


---------------------
; Table of Contents ;
---------------------
  1. Legal Notice
  2. Flow Summary
  3. Flow Settings
  4. Flow Non-Default Global Settings
  5. Flow Elapsed Time
  6. Flow OS Summary
  7. Flow Log



----------------
; Legal Notice ;
----------------
Copyright (C) 1991-2011 Altera Corporation
Your use of Altera Corporation's design tools, logic functions 
and other software and tools, and its AMPP partner logic 
functions, and any output files from any of the foregoing 
(including device programming or simulation files), and any 
associated documentation or information are expressly subject 
to the terms and conditions of the Altera Program License 
Subscription Agreement, Altera MegaCore Function License 
Agreement, or other applicable license agreement, including, 
without limitation, that your use is for the sole purpose of 
programming logic devices manufactured by Altera and sold by 
Altera or its authorized distributors.  Please refer to the 
applicable agreement for further details.



+-----------------------------------------------------------------------+
; Flow Summary                                                          ;
+-----------------------+-----------------------------------------------+
; Flow Status           ; Successful - Sat Nov 16 20:51:03 2024         ;
; Quartus II Version    ; 11.0 Build 208 07/03/2011 SP 1 SJ Web Edition ;
; Revision Name         ; msx_opl4                                      ;
; Top-level Entity Name ; msx_opl4                                      ;
; Family                ; MAX7000S                                      ;
; Device                ; EPM7032STC44-10                               ;
; Timing Models         ; Final                                         ;
; Total macrocells      ; 4 / 32 ( 13 % )                               ;
; Total pins            ; 17 / 36 ( 47 % )                              ;
+-----------------------+-----------------------------------------------+


+-----------------------------------------+
; Flow Settings                           ;
+-------------------+---------------------+
; Option            ; Setting             ;
+-------------------+---------------------+
; Start date & time ; 11/16/2024 20:51:00 ;
; Main task         ; Compilation         ;
; Revision Name     ; msx_opl4            ;
+-------------------+---------------------+


+-----------------------------------------------------------------------------------------------------+
; Flow Non-Default Global Settings                                                                    ;
+------------------------+---------------------------------+---------------+-------------+------------+
; Assignment Name        ; Value                           ; Default Value ; Entity Name ; Section Id ;
+------------------------+---------------------------------+---------------+-------------+------------+
; COMPILER_SIGNATURE_ID  ; 114477776557699.173180106010440 ; --            ; --          ; --         ;
; MAX_CORE_JUNCTION_TEMP ; 85                              ; --            ; --          ; --         ;
; MIN_CORE_JUNCTION_TEMP ; 0                               ; --            ; --          ; --         ;
+------------------------+---------------------------------+---------------+-------------+------------+


+-------------------------------------------------------------------------------------------------------------------------------+
; Flow Elapsed Time                                                                                                             ;
+---------------------------+--------------+-------------------------+---------------------+------------------------------------+
; Module Name               ; Elapsed Time ; Average Processors Used ; Peak Virtual Memory ; Total CPU Time (on all processors) ;
+---------------------------+--------------+-------------------------+---------------------+------------------------------------+
; Analysis & Synthesis      ; 00:00:01     ; 1.0                     ; 268 MB              ; 00:00:00                           ;
; Fitter                    ; 00:00:00     ; 1.0                     ; 233 MB              ; 00:00:00                           ;
; Assembler                 ; 00:00:01     ; 1.0                     ; 234 MB              ; 00:00:00                           ;
; TimeQuest Timing Analyzer ; 00:00:01     ; 1.0                     ; 222 MB              ; 00:00:01                           ;
; Total                     ; 00:00:03     ; --                      ; --                  ; 00:00:01                           ;
+---------------------------+--------------+-------------------------+---------------------+------------------------------------+


+----------------------------------------------------------------------------------------+
; Flow OS Summary                                                                        ;
+---------------------------+------------------+-----------+------------+----------------+
; Module Name               ; Machine Hostname ; OS Name   ; OS Version ; Processor type ;
+---------------------------+------------------+-----------+------------+----------------+
; Analysis & Synthesis      ; WIN-51KES31UC9J  ; Windows 7 ; 6.2        ; x86_64         ;
; Fitter                    ; WIN-51KES31UC9J  ; Windows 7 ; 6.2        ; x86_64         ;
; Assembler                 ; WIN-51KES31UC9J  ; Windows 7 ; 6.2        ; x86_64         ;
; TimeQuest Timing Analyzer ; WIN-51KES31UC9J  ; Windows 7 ; 6.2        ; x86_64         ;
+---------------------------+------------------+-----------+------------+----------------+


------------
; Flow Log ;
------------
quartus_map --read_settings_files=on --write_settings_files=off msx_opl4 -c msx_opl4
quartus_fit --read_settings_files=off --write_settings_files=off msx_opl4 -c msx_opl4
quartus_asm --read_settings_files=off --write_settings_files=off msx_opl4 -c msx_opl4
quartus_sta msx_opl4 -c msx_opl4



